2024-10-12T14:14:41.802+05:30  INFO 16000 --- [project-retail-store] [restartedMain] c.o.r.ProjectRetailStoreApplication      : Starting ProjectRetailStoreApplication using Java 17.0.6 with PID 16000 (C:\my_files\workspace\java\sts-4.14.0-eclipse\project-retail-store-sb-restful-hateoas-hiber-sec-mysql\target\classes started by bhara in C:\my_files\workspace\java\sts-4.14.0-eclipse\project-retail-store-sb-restful-hateoas-hiber-sec-mysql)
2024-10-12T14:14:41.809+05:30  INFO 16000 --- [project-retail-store] [restartedMain] c.o.r.ProjectRetailStoreApplication      : No active profile set, falling back to 1 default profile: "default"
2024-10-12T14:14:41.850+05:30  INFO 16000 --- [project-retail-store] [restartedMain] .e.DevToolsPropertyDefaultsPostProcessor : Devtools property defaults active! Set 'spring.devtools.add-properties' to 'false' to disable
2024-10-12T14:14:41.851+05:30  INFO 16000 --- [project-retail-store] [restartedMain] .e.DevToolsPropertyDefaultsPostProcessor : For additional web related logging consider setting the 'logging.level.web' property to 'DEBUG'
2024-10-12T14:14:43.185+05:30  INFO 16000 --- [project-retail-store] [restartedMain] o.s.b.w.embedded.tomcat.TomcatWebServer  : Tomcat initialized with port 7070 (http)
2024-10-12T14:14:43.198+05:30  INFO 16000 --- [project-retail-store] [restartedMain] o.apache.catalina.core.StandardService   : Starting service [Tomcat]
2024-10-12T14:14:43.198+05:30  INFO 16000 --- [project-retail-store] [restartedMain] o.apache.catalina.core.StandardEngine    : Starting Servlet engine: [Apache Tomcat/10.1.30]
2024-10-12T14:14:43.263+05:30  INFO 16000 --- [project-retail-store] [restartedMain] o.a.c.c.C.[Tomcat].[localhost].[/]       : Initializing Spring embedded WebApplicationContext
2024-10-12T14:14:43.263+05:30  INFO 16000 --- [project-retail-store] [restartedMain] w.s.c.ServletWebServerApplicationContext : Root WebApplicationContext: initialization completed in 1412 ms
2024-10-12T14:14:43.399+05:30  INFO 16000 --- [project-retail-store] [restartedMain] o.hibernate.jpa.internal.util.LogHelper  : HHH000204: Processing PersistenceUnitInfo [name: default]
2024-10-12T14:14:43.457+05:30  INFO 16000 --- [project-retail-store] [restartedMain] org.hibernate.Version                    : HHH000412: Hibernate ORM core version 6.2.7.Final
2024-10-12T14:14:43.460+05:30  INFO 16000 --- [project-retail-store] [restartedMain] org.hibernate.cfg.Environment            : HHH000406: Using bytecode reflection optimizer
2024-10-12T14:14:43.617+05:30  INFO 16000 --- [project-retail-store] [restartedMain] o.h.b.i.BytecodeProviderInitiator        : HHH000021: Bytecode provider name : bytebuddy
2024-10-12T14:14:43.737+05:30  INFO 16000 --- [project-retail-store] [restartedMain] o.s.o.j.p.SpringPersistenceUnitInfo      : No LoadTimeWeaver setup: ignoring JPA class transformer
2024-10-12T14:14:43.752+05:30  INFO 16000 --- [project-retail-store] [restartedMain] com.zaxxer.hikari.HikariDataSource       : HikariPool-1 - Starting...
2024-10-12T14:14:44.012+05:30  INFO 16000 --- [project-retail-store] [restartedMain] com.zaxxer.hikari.pool.HikariPool        : HikariPool-1 - Added connection com.mysql.cj.jdbc.ConnectionImpl@1899c0a0
2024-10-12T14:14:44.014+05:30  INFO 16000 --- [project-retail-store] [restartedMain] com.zaxxer.hikari.HikariDataSource       : HikariPool-1 - Start completed.
2024-10-12T14:14:44.259+05:30  INFO 16000 --- [project-retail-store] [restartedMain] o.h.b.i.BytecodeProviderInitiator        : HHH000021: Bytecode provider name : bytebuddy
2024-10-12T14:14:44.616+05:30  INFO 16000 --- [project-retail-store] [restartedMain] o.h.m.i.EntityInstantiatorPojoStandard   : HHH000182: No default (no-argument) constructor for class: com.oct.retailstore.domain.store.FranchiseOwner (class must be instantiated by Interceptor)
2024-10-12T14:14:44.828+05:30  INFO 16000 --- [project-retail-store] [restartedMain] o.h.e.t.j.p.i.JtaPlatformInitiator       : HHH000490: Using JtaPlatform implementation: [org.hibernate.engine.transaction.jta.platform.internal.NoJtaPlatform]
2024-10-12T14:14:44.876+05:30  INFO 16000 --- [project-retail-store] [restartedMain] j.LocalContainerEntityManagerFactoryBean : Initialized JPA EntityManagerFactory for persistence unit 'default'
2024-10-12T14:14:45.040+05:30  WARN 16000 --- [project-retail-store] [restartedMain] JpaBaseConfiguration$JpaWebConfiguration : spring.jpa.open-in-view is enabled by default. Therefore, database queries may be performed during view rendering. Explicitly configure spring.jpa.open-in-view to disable this warning
2024-10-12T14:14:45.341+05:30  INFO 16000 --- [project-retail-store] [restartedMain] o.s.b.d.a.OptionalLiveReloadServer       : LiveReload server is running on port 35729
2024-10-12T14:14:45.374+05:30  INFO 16000 --- [project-retail-store] [restartedMain] o.s.b.w.embedded.tomcat.TomcatWebServer  : Tomcat started on port 7070 (http) with context path '/'
2024-10-12T14:14:45.381+05:30  INFO 16000 --- [project-retail-store] [restartedMain] c.o.r.ProjectRetailStoreApplication      : Started ProjectRetailStoreApplication in 3.946 seconds (process running for 4.747)
2024-10-12T14:14:59.406+05:30  INFO 16000 --- [project-retail-store] [http-nio-7070-exec-1] o.a.c.c.C.[Tomcat].[localhost].[/]       : Initializing Spring DispatcherServlet 'dispatcherServlet'
2024-10-12T14:14:59.406+05:30  INFO 16000 --- [project-retail-store] [http-nio-7070-exec-1] o.s.web.servlet.DispatcherServlet        : Initializing Servlet 'dispatcherServlet'
2024-10-12T14:14:59.407+05:30  INFO 16000 --- [project-retail-store] [http-nio-7070-exec-1] o.s.web.servlet.DispatcherServlet        : Completed initialization in 1 ms
